<?xml version="1.0"?>
<testsuites>
  <properties>
    <property name="polarion-lookup-method" value="custom"/>
    <property name="polarion-custom-lookup-method-field-id" value="testCaseID"/>
    <property name="polarion-project-id" value="RedHatEnterpriseLinux7"/>
    <property name="polarion-testrun-id" value="c62568c394a2-1"/>
  </properties>
  <testsuite tests="50">
    <properties>
      <property name="baseosci.id.testing-thread" value="c62568c394a2-1"/>
      <property name="baseosci.overall-result" value="PASSED"/>
    </properties>
    <testcase name="/CoreOS/firewalld/Regression/add-priority-field-to-rich-rules-to-guarantee-rule-execution-order" time="17">
      <properties>
        <property name="baseosci.arch" value="x86_64"/>
        <property name="baseosci.beaker-version" value=""/>
        <property name="baseosci.connectable_host" value="10.0.143.112"/>
        <property name="baseosci.distro" value=""/>
        <property name="baseosci.host" value="host-0-143-112.host.centralci.eng.rdu2.redhat.com"/>
        <property name="baseosci.recipe-id" value=""/>
        <property name="baseosci.result" value="PASS"/>
        <property name="baseosci.status" value="Completed"/>
        <property name="baseosci.task-id" value="1"/>
        <property name="baseosci.testcase.source.url" value="http://pkgs.devel.redhat.com/cgit/tests/firewalld/tree/Regression/add-priority-field-to-rich-rules-to-guarantee-rule-execution-order"/>
        <property name="baseosci.variant" value=""/>
        <property name="polarion-testcase-id" value="TC#598016"/>
      </properties>
    </testcase>
    <testcase name="/CoreOS/firewalld/Regression/set-up-IPv6-unreachable-routes" time="54">
      <properties>
        <property name="baseosci.arch" value="x86_64"/>
        <property name="baseosci.beaker-version" value=""/>
        <property name="baseosci.connectable_host" value="10.0.143.112"/>
        <property name="baseosci.distro" value=""/>
        <property name="baseosci.host" value="host-0-143-112.host.centralci.eng.rdu2.redhat.com"/>
        <property name="baseosci.recipe-id" value=""/>
        <property name="baseosci.result" value="PASS"/>
        <property name="baseosci.status" value="Completed"/>
        <property name="baseosci.task-id" value="2"/>
        <property name="baseosci.testcase.source.url" value="http://pkgs.devel.redhat.com/cgit/tests/firewalld/tree/Regression/set-up-IPv6-unreachable-routes"/>
        <property name="baseosci.variant" value=""/>
        <property name="polarion-testcase-id" value="TC#598050"/>
      </properties>
    </testcase>
    <testcase name="/CoreOS/firewalld/Regression/firewalld-does-not-support-wildcard-interfaces" time="20">
      <properties>
        <property name="baseosci.arch" value="x86_64"/>
        <property name="baseosci.beaker-version" value=""/>
        <property name="baseosci.connectable_host" value="10.0.143.112"/>
        <property name="baseosci.distro" value=""/>
        <property name="baseosci.host" value="host-0-143-112.host.centralci.eng.rdu2.redhat.com"/>
        <property name="baseosci.recipe-id" value=""/>
        <property name="baseosci.result" value="PASS"/>
        <property name="baseosci.status" value="Completed"/>
        <property name="baseosci.task-id" value="3"/>
        <property name="baseosci.testcase.source.url" value="http://pkgs.devel.redhat.com/cgit/tests/firewalld/tree/Regression/firewalld-does-not-support-wildcard-interfaces"/>
        <property name="baseosci.variant" value=""/>
        <property name="polarion-testcase-id" value="TC#598053"/>
      </properties>
    </testcase>
    <testcase name="/CoreOS/firewalld/Regression/bz1031102-Firewalld-should-use-rmmod-instead-of-modprobe-r" time="5">
      <properties>
        <property name="baseosci.arch" value="x86_64"/>
        <property name="baseosci.beaker-version" value=""/>
        <property name="baseosci.connectable_host" value="10.0.143.112"/>
        <property name="baseosci.distro" value=""/>
        <property name="baseosci.host" value="host-0-143-112.host.centralci.eng.rdu2.redhat.com"/>
        <property name="baseosci.recipe-id" value=""/>
        <property name="baseosci.result" value="PASS"/>
        <property name="baseosci.status" value="Completed"/>
        <property name="baseosci.task-id" value="4"/>
        <property name="baseosci.testcase.source.url" value="http://pkgs.devel.redhat.com/cgit/tests/firewalld/tree/Regression/bz1031102-Firewalld-should-use-rmmod-instead-of-modprobe-r"/>
        <property name="baseosci.variant" value=""/>
        <property name="polarion-testcase-id" value="TC#334382"/>
      </properties>
    </testcase>
    <testcase name="/CoreOS/firewalld/Sanity/packaging" time="5">
      <properties>
        <property name="baseosci.arch" value="x86_64"/>
        <property name="baseosci.beaker-version" value=""/>
        <property name="baseosci.connectable_host" value="10.0.143.112"/>
        <property name="baseosci.distro" value=""/>
        <property name="baseosci.host" value="host-0-143-112.host.centralci.eng.rdu2.redhat.com"/>
        <property name="baseosci.recipe-id" value=""/>
        <property name="baseosci.result" value="PASS"/>
        <property name="baseosci.status" value="Completed"/>
        <property name="baseosci.task-id" value="5"/>
        <property name="baseosci.testcase.source.url" value="http://pkgs.devel.redhat.com/cgit/tests/firewalld/tree/Sanity/packaging"/>
        <property name="baseosci.variant" value=""/>
        <property name="polarion-testcase-id" value="TC#598584"/>
      </properties>
    </testcase>
    <testcase name="/CoreOS/firewalld/Regression/bz1057628-firewall-config-creates-unloadable-config-port" time="8">
      <properties>
        <property name="baseosci.arch" value="x86_64"/>
        <property name="baseosci.beaker-version" value=""/>
        <property name="baseosci.connectable_host" value="10.0.143.112"/>
        <property name="baseosci.distro" value=""/>
        <property name="baseosci.host" value="host-0-143-112.host.centralci.eng.rdu2.redhat.com"/>
        <property name="baseosci.recipe-id" value=""/>
        <property name="baseosci.result" value="PASS"/>
        <property name="baseosci.status" value="Completed"/>
        <property name="baseosci.task-id" value="6"/>
        <property name="baseosci.testcase.source.url" value="http://pkgs.devel.redhat.com/cgit/tests/firewalld/tree/Regression/bz1057628-firewall-config-creates-unloadable-config-port"/>
        <property name="baseosci.variant" value=""/>
        <property name="polarion-testcase-id" value="TC#343105"/>
      </properties>
    </testcase>
    <testcase name="/CoreOS/firewalld/Regression/firewall-cmd-query-cmds-should-return-valid" time="8">
      <properties>
        <property name="baseosci.arch" value="x86_64"/>
        <property name="baseosci.beaker-version" value=""/>
        <property name="baseosci.connectable_host" value="10.0.143.112"/>
        <property name="baseosci.distro" value=""/>
        <property name="baseosci.host" value="host-0-143-112.host.centralci.eng.rdu2.redhat.com"/>
        <property name="baseosci.recipe-id" value=""/>
        <property name="baseosci.result" value="PASS"/>
        <property name="baseosci.status" value="Completed"/>
        <property name="baseosci.task-id" value="7"/>
        <property name="baseosci.testcase.source.url" value="http://pkgs.devel.redhat.com/cgit/tests/firewalld/tree/Regression/firewall-cmd-query-cmds-should-return-valid"/>
        <property name="baseosci.variant" value=""/>
        <property name="polarion-testcase-id" value="TC#563788"/>
      </properties>
    </testcase>
    <testcase name="/CoreOS/firewalld/Regression/firewalld-sctp-functionality-broken" time="10">
      <properties>
        <property name="baseosci.arch" value="x86_64"/>
        <property name="baseosci.beaker-version" value=""/>
        <property name="baseosci.connectable_host" value="10.0.143.112"/>
        <property name="baseosci.distro" value=""/>
        <property name="baseosci.host" value="host-0-143-112.host.centralci.eng.rdu2.redhat.com"/>
        <property name="baseosci.recipe-id" value=""/>
        <property name="baseosci.result" value="PASS"/>
        <property name="baseosci.status" value="Completed"/>
        <property name="baseosci.task-id" value="8"/>
        <property name="baseosci.testcase.source.url" value="http://pkgs.devel.redhat.com/cgit/tests/firewalld/tree/Regression/firewalld-sctp-functionality-broken"/>
        <property name="baseosci.variant" value=""/>
        <property name="polarion-testcase-id" value="TC#552017"/>
      </properties>
    </testcase>
    <testcase name="/CoreOS/firewalld/Sanity/FirewalldLockdown" time="9">
      <properties>
        <property name="baseosci.arch" value="x86_64"/>
        <property name="baseosci.beaker-version" value=""/>
        <property name="baseosci.connectable_host" value="10.0.143.112"/>
        <property name="baseosci.distro" value=""/>
        <property name="baseosci.host" value="host-0-143-112.host.centralci.eng.rdu2.redhat.com"/>
        <property name="baseosci.recipe-id" value=""/>
        <property name="baseosci.result" value="PASS"/>
        <property name="baseosci.status" value="Completed"/>
        <property name="baseosci.task-id" value="9"/>
        <property name="baseosci.testcase.source.url" value="http://pkgs.devel.redhat.com/cgit/tests/firewalld/tree/Sanity/FirewalldLockdown"/>
        <property name="baseosci.variant" value=""/>
        <property name="polarion-testcase-id" value="TC#251989"/>
      </properties>
    </testcase>
    <testcase name="/CoreOS/firewalld/Regression/ipsets-cannot-be-overriden-by-local-config" time="9">
      <properties>
        <property name="baseosci.arch" value="x86_64"/>
        <property name="baseosci.beaker-version" value=""/>
        <property name="baseosci.connectable_host" value="10.0.143.112"/>
        <property name="baseosci.distro" value=""/>
        <property name="baseosci.host" value="host-0-143-112.host.centralci.eng.rdu2.redhat.com"/>
        <property name="baseosci.recipe-id" value=""/>
        <property name="baseosci.result" value="PASS"/>
        <property name="baseosci.status" value="Completed"/>
        <property name="baseosci.task-id" value="10"/>
        <property name="baseosci.testcase.source.url" value="http://pkgs.devel.redhat.com/cgit/tests/firewalld/tree/Regression/ipsets-cannot-be-overriden-by-local-config"/>
        <property name="baseosci.variant" value=""/>
        <property name="polarion-testcase-id" value="TC#552022"/>
      </properties>
    </testcase>
    <testcase name="/CoreOS/firewalld/Regression/runtime-rules-deduplication-may-remove-additional" time="10">
      <properties>
        <property name="baseosci.arch" value="x86_64"/>
        <property name="baseosci.beaker-version" value=""/>
        <property name="baseosci.connectable_host" value="10.0.143.112"/>
        <property name="baseosci.distro" value=""/>
        <property name="baseosci.host" value="host-0-143-112.host.centralci.eng.rdu2.redhat.com"/>
        <property name="baseosci.recipe-id" value=""/>
        <property name="baseosci.result" value="PASS"/>
        <property name="baseosci.status" value="Completed"/>
        <property name="baseosci.task-id" value="11"/>
        <property name="baseosci.testcase.source.url" value="http://pkgs.devel.redhat.com/cgit/tests/firewalld/tree/Regression/runtime-rules-deduplication-may-remove-additional"/>
        <property name="baseosci.variant" value=""/>
        <property name="polarion-testcase-id" value="TC#575064"/>
      </properties>
    </testcase>
    <testcase name="/CoreOS/firewalld/Sanity/rich-rules-examples" time="19">
      <properties>
        <property name="baseosci.arch" value="x86_64"/>
        <property name="baseosci.beaker-version" value=""/>
        <property name="baseosci.connectable_host" value="10.0.143.112"/>
        <property name="baseosci.distro" value=""/>
        <property name="baseosci.host" value="host-0-143-112.host.centralci.eng.rdu2.redhat.com"/>
        <property name="baseosci.recipe-id" value=""/>
        <property name="baseosci.result" value="PASS"/>
        <property name="baseosci.status" value="Completed"/>
        <property name="baseosci.task-id" value="12"/>
        <property name="baseosci.testcase.source.url" value="http://pkgs.devel.redhat.com/cgit/tests/firewalld/tree/Sanity/rich-rules-examples"/>
        <property name="baseosci.variant" value=""/>
        <property name="polarion-testcase-id" value="TC#295002"/>
      </properties>
    </testcase>
    <testcase name="/CoreOS/firewalld/Regression/firewall-cmd-set-description-command-fails" time="10">
      <properties>
        <property name="baseosci.arch" value="x86_64"/>
        <property name="baseosci.beaker-version" value=""/>
        <property name="baseosci.connectable_host" value="10.0.143.112"/>
        <property name="baseosci.distro" value=""/>
        <property name="baseosci.host" value="host-0-143-112.host.centralci.eng.rdu2.redhat.com"/>
        <property name="baseosci.recipe-id" value=""/>
        <property name="baseosci.result" value="PASS"/>
        <property name="baseosci.status" value="Completed"/>
        <property name="baseosci.task-id" value="13"/>
        <property name="baseosci.testcase.source.url" value="http://pkgs.devel.redhat.com/cgit/tests/firewalld/tree/Regression/firewall-cmd-set-description-command-fails"/>
        <property name="baseosci.variant" value=""/>
        <property name="polarion-testcase-id" value="TC#552027"/>
      </properties>
    </testcase>
    <testcase name="/CoreOS/firewalld/Regression/bz1099065-missing-Es-in-command-string-in" time="6">
      <properties>
        <property name="baseosci.arch" value="x86_64"/>
        <property name="baseosci.beaker-version" value=""/>
        <property name="baseosci.connectable_host" value="10.0.143.112"/>
        <property name="baseosci.distro" value=""/>
        <property name="baseosci.host" value="host-0-143-112.host.centralci.eng.rdu2.redhat.com"/>
        <property name="baseosci.recipe-id" value=""/>
        <property name="baseosci.result" value="PASS"/>
        <property name="baseosci.status" value="Completed"/>
        <property name="baseosci.task-id" value="14"/>
        <property name="baseosci.testcase.source.url" value="http://pkgs.devel.redhat.com/cgit/tests/firewalld/tree/Regression/bz1099065-missing-Es-in-command-string-in"/>
        <property name="baseosci.variant" value=""/>
        <property name="polarion-testcase-id" value="TC#450147"/>
      </properties>
    </testcase>
    <testcase name="/CoreOS/firewalld/Regression/ZONE-being-blanked-in-ifcfg-on-reboot" time="11">
      <properties>
        <property name="baseosci.arch" value="x86_64"/>
        <property name="baseosci.beaker-version" value=""/>
        <property name="baseosci.connectable_host" value="10.0.143.112"/>
        <property name="baseosci.distro" value=""/>
        <property name="baseosci.host" value="host-0-143-112.host.centralci.eng.rdu2.redhat.com"/>
        <property name="baseosci.recipe-id" value=""/>
        <property name="baseosci.result" value="PASS"/>
        <property name="baseosci.status" value="Completed"/>
        <property name="baseosci.task-id" value="15"/>
        <property name="baseosci.testcase.source.url" value="http://pkgs.devel.redhat.com/cgit/tests/firewalld/tree/Regression/ZONE-being-blanked-in-ifcfg-on-reboot"/>
        <property name="baseosci.variant" value=""/>
        <property name="polarion-testcase-id" value="TC#545901"/>
      </properties>
    </testcase>
    <testcase name="/CoreOS/firewalld/Regression/ifcfg_set_zone_of_interface-error" time="9">
      <properties>
        <property name="baseosci.arch" value="x86_64"/>
        <property name="baseosci.beaker-version" value=""/>
        <property name="baseosci.connectable_host" value="10.0.143.112"/>
        <property name="baseosci.distro" value=""/>
        <property name="baseosci.host" value="host-0-143-112.host.centralci.eng.rdu2.redhat.com"/>
        <property name="baseosci.recipe-id" value=""/>
        <property name="baseosci.result" value="PASS"/>
        <property name="baseosci.status" value="Completed"/>
        <property name="baseosci.task-id" value="16"/>
        <property name="baseosci.testcase.source.url" value="http://pkgs.devel.redhat.com/cgit/tests/firewalld/tree/Regression/ifcfg_set_zone_of_interface-error"/>
        <property name="baseosci.variant" value=""/>
        <property name="polarion-testcase-id" value="TC#551536"/>
      </properties>
    </testcase>
    <testcase name="/CoreOS/firewalld/Regression/firewall-offline-cmd-help-reports-you-need-to-be" time="8">
      <properties>
        <property name="baseosci.arch" value="x86_64"/>
        <property name="baseosci.beaker-version" value=""/>
        <property name="baseosci.connectable_host" value="10.0.143.112"/>
        <property name="baseosci.distro" value=""/>
        <property name="baseosci.host" value="host-0-143-112.host.centralci.eng.rdu2.redhat.com"/>
        <property name="baseosci.recipe-id" value=""/>
        <property name="baseosci.result" value="PASS"/>
        <property name="baseosci.status" value="Completed"/>
        <property name="baseosci.task-id" value="17"/>
        <property name="baseosci.testcase.source.url" value="http://pkgs.devel.redhat.com/cgit/tests/firewalld/tree/Regression/firewall-offline-cmd-help-reports-you-need-to-be"/>
        <property name="baseosci.variant" value=""/>
        <property name="polarion-testcase-id" value="TC#563827"/>
      </properties>
    </testcase>
    <testcase name="/CoreOS/firewalld/Regression/services-files" time="26">
      <properties>
        <property name="baseosci.arch" value="x86_64"/>
        <property name="baseosci.beaker-version" value=""/>
        <property name="baseosci.connectable_host" value="10.0.143.112"/>
        <property name="baseosci.distro" value=""/>
        <property name="baseosci.host" value="host-0-143-112.host.centralci.eng.rdu2.redhat.com"/>
        <property name="baseosci.recipe-id" value=""/>
        <property name="baseosci.result" value="PASS"/>
        <property name="baseosci.status" value="Completed"/>
        <property name="baseosci.task-id" value="18"/>
        <property name="baseosci.testcase.source.url" value="http://pkgs.devel.redhat.com/cgit/tests/firewalld/tree/Regression/services-files"/>
        <property name="baseosci.variant" value=""/>
        <property name="polarion-testcase-id" value="TC#530570"/>
      </properties>
    </testcase>
    <testcase name="/CoreOS/firewalld/Regression/icmptypes-list-is-incomplete-which-could-affect" time="23">
      <properties>
        <property name="baseosci.arch" value="x86_64"/>
        <property name="baseosci.beaker-version" value=""/>
        <property name="baseosci.connectable_host" value="10.0.143.112"/>
        <property name="baseosci.distro" value=""/>
        <property name="baseosci.host" value="host-0-143-112.host.centralci.eng.rdu2.redhat.com"/>
        <property name="baseosci.recipe-id" value=""/>
        <property name="baseosci.result" value="PASS"/>
        <property name="baseosci.status" value="Completed"/>
        <property name="baseosci.task-id" value="19"/>
        <property name="baseosci.testcase.source.url" value="http://pkgs.devel.redhat.com/cgit/tests/firewalld/tree/Regression/icmptypes-list-is-incomplete-which-could-affect"/>
        <property name="baseosci.variant" value=""/>
        <property name="polarion-testcase-id" value="TC#553614"/>
      </properties>
    </testcase>
    <testcase name="/CoreOS/firewalld/Regression/service-files-management-and-infos" time="14">
      <properties>
        <property name="baseosci.arch" value="x86_64"/>
        <property name="baseosci.beaker-version" value=""/>
        <property name="baseosci.connectable_host" value="10.0.143.112"/>
        <property name="baseosci.distro" value=""/>
        <property name="baseosci.host" value="host-0-143-112.host.centralci.eng.rdu2.redhat.com"/>
        <property name="baseosci.recipe-id" value=""/>
        <property name="baseosci.result" value="PASS"/>
        <property name="baseosci.status" value="Completed"/>
        <property name="baseosci.task-id" value="20"/>
        <property name="baseosci.testcase.source.url" value="http://pkgs.devel.redhat.com/cgit/tests/firewalld/tree/Regression/service-files-management-and-infos"/>
        <property name="baseosci.variant" value=""/>
        <property name="polarion-testcase-id" value="TC#533659"/>
      </properties>
    </testcase>
    <testcase name="/CoreOS/firewalld/Regression/no-ipv6-support" time="1">
      <properties>
        <property name="baseosci.arch" value="x86_64"/>
        <property name="baseosci.beaker-version" value=""/>
        <property name="baseosci.connectable_host" value="10.0.143.112"/>
        <property name="baseosci.distro" value=""/>
        <property name="baseosci.host" value="host-0-143-112.host.centralci.eng.rdu2.redhat.com"/>
        <property name="baseosci.recipe-id" value=""/>
        <property name="baseosci.result" value="PASS"/>
        <property name="baseosci.status" value="Completed"/>
        <property name="baseosci.task-id" value="21"/>
        <property name="baseosci.testcase.source.url" value="http://pkgs.devel.redhat.com/cgit/tests/firewalld/tree/Regression/no-ipv6-support"/>
        <property name="baseosci.variant" value=""/>
        <property name="polarion-testcase-id" value="TC#602786"/>
      </properties>
    </testcase>
    <testcase name="/CoreOS/firewalld/Regression/bz1122739-FJ7-0-Bug-Original-interfaces-disappear-after" time="3">
      <properties>
        <property name="baseosci.arch" value="x86_64"/>
        <property name="baseosci.beaker-version" value=""/>
        <property name="baseosci.connectable_host" value="10.0.143.112"/>
        <property name="baseosci.distro" value=""/>
        <property name="baseosci.host" value="host-0-143-112.host.centralci.eng.rdu2.redhat.com"/>
        <property name="baseosci.recipe-id" value=""/>
        <property name="baseosci.result" value="PASS"/>
        <property name="baseosci.status" value="Completed"/>
        <property name="baseosci.task-id" value="22"/>
        <property name="baseosci.testcase.source.url" value="http://pkgs.devel.redhat.com/cgit/tests/firewalld/tree/Regression/bz1122739-FJ7-0-Bug-Original-interfaces-disappear-after"/>
        <property name="baseosci.variant" value=""/>
        <property name="polarion-testcase-id" value="TC#500916"/>
      </properties>
    </testcase>
    <testcase name="/CoreOS/firewalld/Regression/bz1164605-Unable-to-create-service-that-matches-OSPF-packets" time="6">
      <properties>
        <property name="baseosci.arch" value="x86_64"/>
        <property name="baseosci.beaker-version" value=""/>
        <property name="baseosci.connectable_host" value="10.0.143.112"/>
        <property name="baseosci.distro" value=""/>
        <property name="baseosci.host" value="host-0-143-112.host.centralci.eng.rdu2.redhat.com"/>
        <property name="baseosci.recipe-id" value=""/>
        <property name="baseosci.result" value="PASS"/>
        <property name="baseosci.status" value="Completed"/>
        <property name="baseosci.task-id" value="23"/>
        <property name="baseosci.testcase.source.url" value="http://pkgs.devel.redhat.com/cgit/tests/firewalld/tree/Regression/bz1164605-Unable-to-create-service-that-matches-OSPF-packets"/>
        <property name="baseosci.variant" value=""/>
        <property name="polarion-testcase-id" value="TC#500917"/>
      </properties>
    </testcase>
    <testcase name="/CoreOS/firewalld/Regression/firewalld-ERROR-INVALID-MODULE-nf-nat-ftp" time="8">
      <properties>
        <property name="baseosci.arch" value="x86_64"/>
        <property name="baseosci.beaker-version" value=""/>
        <property name="baseosci.connectable_host" value="10.0.143.112"/>
        <property name="baseosci.distro" value=""/>
        <property name="baseosci.host" value="host-0-143-112.host.centralci.eng.rdu2.redhat.com"/>
        <property name="baseosci.recipe-id" value=""/>
        <property name="baseosci.result" value="PASS"/>
        <property name="baseosci.status" value="Completed"/>
        <property name="baseosci.task-id" value="24"/>
        <property name="baseosci.testcase.source.url" value="http://pkgs.devel.redhat.com/cgit/tests/firewalld/tree/Regression/firewalld-ERROR-INVALID-MODULE-nf-nat-ftp"/>
        <property name="baseosci.variant" value=""/>
        <property name="polarion-testcase-id" value="TC#563448"/>
      </properties>
    </testcase>
    <testcase name="/CoreOS/firewalld/Regression/If-a-direct-rule-fails-to-insert-all-following" time="34">
      <properties>
        <property name="baseosci.arch" value="x86_64"/>
        <property name="baseosci.beaker-version" value=""/>
        <property name="baseosci.connectable_host" value="10.0.143.112"/>
        <property name="baseosci.distro" value=""/>
        <property name="baseosci.host" value="host-0-143-112.host.centralci.eng.rdu2.redhat.com"/>
        <property name="baseosci.recipe-id" value=""/>
        <property name="baseosci.result" value="PASS"/>
        <property name="baseosci.status" value="Completed"/>
        <property name="baseosci.task-id" value="25"/>
        <property name="baseosci.testcase.source.url" value="http://pkgs.devel.redhat.com/cgit/tests/firewalld/tree/Regression/If-a-direct-rule-fails-to-insert-all-following"/>
        <property name="baseosci.variant" value=""/>
        <property name="polarion-testcase-id" value="TC#575737"/>
      </properties>
    </testcase>
    <testcase name="/CoreOS/firewalld/Regression/firewalld-has-clean-syslog" time="5">
      <properties>
        <property name="baseosci.arch" value="x86_64"/>
        <property name="baseosci.beaker-version" value=""/>
        <property name="baseosci.connectable_host" value="10.0.143.112"/>
        <property name="baseosci.distro" value=""/>
        <property name="baseosci.host" value="host-0-143-112.host.centralci.eng.rdu2.redhat.com"/>
        <property name="baseosci.recipe-id" value=""/>
        <property name="baseosci.result" value="PASS"/>
        <property name="baseosci.status" value="Completed"/>
        <property name="baseosci.task-id" value="26"/>
        <property name="baseosci.testcase.source.url" value="http://pkgs.devel.redhat.com/cgit/tests/firewalld/tree/Regression/firewalld-has-clean-syslog"/>
        <property name="baseosci.variant" value=""/>
        <property name="polarion-testcase-id" value="TC#563449"/>
      </properties>
    </testcase>
    <testcase name="/CoreOS/firewalld/Sanity/upstream-testsuite" time="1409">
      <properties>
        <property name="baseosci.arch" value="x86_64"/>
        <property name="baseosci.beaker-version" value=""/>
        <property name="baseosci.connectable_host" value="10.0.143.112"/>
        <property name="baseosci.distro" value=""/>
        <property name="baseosci.host" value="host-0-143-112.host.centralci.eng.rdu2.redhat.com"/>
        <property name="baseosci.recipe-id" value=""/>
        <property name="baseosci.result" value="PASS"/>
        <property name="baseosci.status" value="Completed"/>
        <property name="baseosci.task-id" value="27"/>
        <property name="baseosci.testcase.source.url" value="http://pkgs.devel.redhat.com/cgit/tests/firewalld/tree/Sanity/upstream-testsuite"/>
        <property name="baseosci.variant" value=""/>
        <property name="polarion-testcase-id" value="TC#503041"/>
      </properties>
    </testcase>
    <testcase name="/CoreOS/firewalld/Sanity/man-pages" time="3">
      <properties>
        <property name="baseosci.arch" value="x86_64"/>
        <property name="baseosci.beaker-version" value=""/>
        <property name="baseosci.connectable_host" value="10.0.143.112"/>
        <property name="baseosci.distro" value=""/>
        <property name="baseosci.host" value="host-0-143-112.host.centralci.eng.rdu2.redhat.com"/>
        <property name="baseosci.recipe-id" value=""/>
        <property name="baseosci.result" value="PASS"/>
        <property name="baseosci.status" value="Completed"/>
        <property name="baseosci.task-id" value="28"/>
        <property name="baseosci.testcase.source.url" value="http://pkgs.devel.redhat.com/cgit/tests/firewalld/tree/Sanity/man-pages"/>
        <property name="baseosci.variant" value=""/>
        <property name="polarion-testcase-id" value="TC#563471"/>
      </properties>
    </testcase>
    <testcase name="/CoreOS/firewalld/Regression/noninteractive-output-should-not-be-colored" time="6">
      <properties>
        <property name="baseosci.arch" value="x86_64"/>
        <property name="baseosci.beaker-version" value=""/>
        <property name="baseosci.connectable_host" value="10.0.143.112"/>
        <property name="baseosci.distro" value=""/>
        <property name="baseosci.host" value="host-0-143-112.host.centralci.eng.rdu2.redhat.com"/>
        <property name="baseosci.recipe-id" value=""/>
        <property name="baseosci.result" value="PASS"/>
        <property name="baseosci.status" value="Completed"/>
        <property name="baseosci.task-id" value="29"/>
        <property name="baseosci.testcase.source.url" value="http://pkgs.devel.redhat.com/cgit/tests/firewalld/tree/Regression/noninteractive-output-should-not-be-colored"/>
        <property name="baseosci.variant" value=""/>
        <property name="polarion-testcase-id" value="TC#563472"/>
      </properties>
    </testcase>
    <testcase name="/CoreOS/firewalld/Regression/usr-share-polkit-1-actions-org-fedoraproject-Firew" time="6">
      <properties>
        <property name="baseosci.arch" value="x86_64"/>
        <property name="baseosci.beaker-version" value=""/>
        <property name="baseosci.connectable_host" value="10.0.143.112"/>
        <property name="baseosci.distro" value=""/>
        <property name="baseosci.host" value="host-0-143-112.host.centralci.eng.rdu2.redhat.com"/>
        <property name="baseosci.recipe-id" value=""/>
        <property name="baseosci.result" value="PASS"/>
        <property name="baseosci.status" value="Completed"/>
        <property name="baseosci.task-id" value="30"/>
        <property name="baseosci.testcase.source.url" value="http://pkgs.devel.redhat.com/cgit/tests/firewalld/tree/Regression/usr-share-polkit-1-actions-org-fedoraproject-Firew"/>
        <property name="baseosci.variant" value=""/>
        <property name="polarion-testcase-id" value="TC#553249"/>
      </properties>
    </testcase>
    <testcase name="/CoreOS/firewalld/Regression/nftables-backend" time="18">
      <properties>
        <property name="baseosci.arch" value="x86_64"/>
        <property name="baseosci.beaker-version" value=""/>
        <property name="baseosci.connectable_host" value="10.0.143.112"/>
        <property name="baseosci.distro" value=""/>
        <property name="baseosci.host" value="host-0-143-112.host.centralci.eng.rdu2.redhat.com"/>
        <property name="baseosci.recipe-id" value=""/>
        <property name="baseosci.result" value="PASS"/>
        <property name="baseosci.status" value="Completed"/>
        <property name="baseosci.task-id" value="31"/>
        <property name="baseosci.testcase.source.url" value="http://pkgs.devel.redhat.com/cgit/tests/firewalld/tree/Regression/nftables-backend"/>
        <property name="baseosci.variant" value=""/>
        <property name="polarion-testcase-id" value="TC#598818"/>
      </properties>
    </testcase>
    <testcase name="/CoreOS/firewalld/Regression/firewall-cmd-should-support-a-default-logging" time="15">
      <properties>
        <property name="baseosci.arch" value="x86_64"/>
        <property name="baseosci.beaker-version" value=""/>
        <property name="baseosci.connectable_host" value="10.0.143.112"/>
        <property name="baseosci.distro" value=""/>
        <property name="baseosci.host" value="host-0-143-112.host.centralci.eng.rdu2.redhat.com"/>
        <property name="baseosci.recipe-id" value=""/>
        <property name="baseosci.result" value="PASS"/>
        <property name="baseosci.status" value="Completed"/>
        <property name="baseosci.task-id" value="32"/>
        <property name="baseosci.testcase.source.url" value="http://pkgs.devel.redhat.com/cgit/tests/firewalld/tree/Regression/firewall-cmd-should-support-a-default-logging"/>
        <property name="baseosci.variant" value=""/>
        <property name="polarion-testcase-id" value="TC#533292"/>
      </properties>
    </testcase>
    <testcase name="/CoreOS/firewalld/Regression/Unable-to-specify-source-port-in-non-direct" time="8">
      <properties>
        <property name="baseosci.arch" value="x86_64"/>
        <property name="baseosci.beaker-version" value=""/>
        <property name="baseosci.connectable_host" value="10.0.143.112"/>
        <property name="baseosci.distro" value=""/>
        <property name="baseosci.host" value="host-0-143-112.host.centralci.eng.rdu2.redhat.com"/>
        <property name="baseosci.recipe-id" value=""/>
        <property name="baseosci.result" value="PASS"/>
        <property name="baseosci.status" value="Completed"/>
        <property name="baseosci.task-id" value="33"/>
        <property name="baseosci.testcase.source.url" value="http://pkgs.devel.redhat.com/cgit/tests/firewalld/tree/Regression/Unable-to-specify-source-port-in-non-direct"/>
        <property name="baseosci.variant" value=""/>
        <property name="polarion-testcase-id" value="TC#533809"/>
      </properties>
    </testcase>
    <testcase name="/CoreOS/firewalld/Regression/firewall-cmd-fails-to-load-entries-from-file-to-an" time="9">
      <properties>
        <property name="baseosci.arch" value="x86_64"/>
        <property name="baseosci.beaker-version" value=""/>
        <property name="baseosci.connectable_host" value="10.0.143.112"/>
        <property name="baseosci.distro" value=""/>
        <property name="baseosci.host" value="host-0-143-112.host.centralci.eng.rdu2.redhat.com"/>
        <property name="baseosci.recipe-id" value=""/>
        <property name="baseosci.result" value="PASS"/>
        <property name="baseosci.status" value="Completed"/>
        <property name="baseosci.task-id" value="34"/>
        <property name="baseosci.testcase.source.url" value="http://pkgs.devel.redhat.com/cgit/tests/firewalld/tree/Regression/firewall-cmd-fails-to-load-entries-from-file-to-an"/>
        <property name="baseosci.variant" value=""/>
        <property name="polarion-testcase-id" value="TC#576826"/>
      </properties>
    </testcase>
    <testcase name="/CoreOS/firewalld/Regression/python-parameters-Es-are-missing-in-shebang-on" time="5">
      <properties>
        <property name="baseosci.arch" value="x86_64"/>
        <property name="baseosci.beaker-version" value=""/>
        <property name="baseosci.connectable_host" value="10.0.143.112"/>
        <property name="baseosci.distro" value=""/>
        <property name="baseosci.host" value="host-0-143-112.host.centralci.eng.rdu2.redhat.com"/>
        <property name="baseosci.recipe-id" value=""/>
        <property name="baseosci.result" value="PASS"/>
        <property name="baseosci.status" value="Completed"/>
        <property name="baseosci.task-id" value="35"/>
        <property name="baseosci.testcase.source.url" value="http://pkgs.devel.redhat.com/cgit/tests/firewalld/tree/Regression/python-parameters-Es-are-missing-in-shebang-on"/>
        <property name="baseosci.variant" value=""/>
        <property name="polarion-testcase-id" value="TC#597836"/>
      </properties>
    </testcase>
    <testcase name="/CoreOS/firewalld/Regression/ifcfg-parser-shows-unactionable-ERROR-messages-and" time="9">
      <properties>
        <property name="baseosci.arch" value="x86_64"/>
        <property name="baseosci.beaker-version" value=""/>
        <property name="baseosci.connectable_host" value="10.0.143.112"/>
        <property name="baseosci.distro" value=""/>
        <property name="baseosci.host" value="host-0-143-112.host.centralci.eng.rdu2.redhat.com"/>
        <property name="baseosci.recipe-id" value=""/>
        <property name="baseosci.result" value="PASS"/>
        <property name="baseosci.status" value="Completed"/>
        <property name="baseosci.task-id" value="36"/>
        <property name="baseosci.testcase.source.url" value="http://pkgs.devel.redhat.com/cgit/tests/firewalld/tree/Regression/ifcfg-parser-shows-unactionable-ERROR-messages-and"/>
        <property name="baseosci.variant" value=""/>
        <property name="polarion-testcase-id" value="TC#534861"/>
      </properties>
    </testcase>
    <testcase name="/CoreOS/firewalld/Regression/exit-codes-don-t-match-error-messages" time="7">
      <properties>
        <property name="baseosci.arch" value="x86_64"/>
        <property name="baseosci.beaker-version" value=""/>
        <property name="baseosci.connectable_host" value="10.0.143.112"/>
        <property name="baseosci.distro" value=""/>
        <property name="baseosci.host" value="host-0-143-112.host.centralci.eng.rdu2.redhat.com"/>
        <property name="baseosci.recipe-id" value=""/>
        <property name="baseosci.result" value="PASS"/>
        <property name="baseosci.status" value="Completed"/>
        <property name="baseosci.task-id" value="37"/>
        <property name="baseosci.testcase.source.url" value="http://pkgs.devel.redhat.com/cgit/tests/firewalld/tree/Regression/exit-codes-don-t-match-error-messages"/>
        <property name="baseosci.variant" value=""/>
        <property name="polarion-testcase-id" value="TC#533848"/>
      </properties>
    </testcase>
    <testcase name="/CoreOS/firewalld/Regression/firewall-cmd-fails-if-ALREADY_ENABLED" time="10">
      <properties>
        <property name="baseosci.arch" value="x86_64"/>
        <property name="baseosci.beaker-version" value=""/>
        <property name="baseosci.connectable_host" value="10.0.143.112"/>
        <property name="baseosci.distro" value=""/>
        <property name="baseosci.host" value="host-0-143-112.host.centralci.eng.rdu2.redhat.com"/>
        <property name="baseosci.recipe-id" value=""/>
        <property name="baseosci.result" value="PASS"/>
        <property name="baseosci.status" value="Completed"/>
        <property name="baseosci.task-id" value="38"/>
        <property name="baseosci.testcase.source.url" value="http://pkgs.devel.redhat.com/cgit/tests/firewalld/tree/Regression/firewall-cmd-fails-if-ALREADY_ENABLED"/>
        <property name="baseosci.variant" value=""/>
        <property name="polarion-testcase-id" value="TC#533854"/>
      </properties>
    </testcase>
    <testcase name="/CoreOS/firewalld/Security/firewall-configuration-can-be-modified-by-any" time="22">
      <properties>
        <property name="baseosci.arch" value="x86_64"/>
        <property name="baseosci.beaker-version" value=""/>
        <property name="baseosci.connectable_host" value="10.0.143.112"/>
        <property name="baseosci.distro" value=""/>
        <property name="baseosci.host" value="host-0-143-112.host.centralci.eng.rdu2.redhat.com"/>
        <property name="baseosci.recipe-id" value=""/>
        <property name="baseosci.result" value="PASS"/>
        <property name="baseosci.status" value="Completed"/>
        <property name="baseosci.task-id" value="39"/>
        <property name="baseosci.testcase.source.url" value="http://pkgs.devel.redhat.com/cgit/tests/firewalld/tree/Security/firewall-configuration-can-be-modified-by-any"/>
        <property name="baseosci.variant" value=""/>
        <property name="polarion-testcase-id" value="TC#533855"/>
      </properties>
    </testcase>
    <testcase name="/CoreOS/firewalld/Regression/bz1070683-firewall-cmd-delete-option-for-iptables-no" time="6">
      <properties>
        <property name="baseosci.arch" value="x86_64"/>
        <property name="baseosci.beaker-version" value=""/>
        <property name="baseosci.connectable_host" value="10.0.143.112"/>
        <property name="baseosci.distro" value=""/>
        <property name="baseosci.host" value="host-0-143-112.host.centralci.eng.rdu2.redhat.com"/>
        <property name="baseosci.recipe-id" value=""/>
        <property name="baseosci.result" value="PASS"/>
        <property name="baseosci.status" value="Completed"/>
        <property name="baseosci.task-id" value="40"/>
        <property name="baseosci.testcase.source.url" value="http://pkgs.devel.redhat.com/cgit/tests/firewalld/tree/Regression/bz1070683-firewall-cmd-delete-option-for-iptables-no"/>
        <property name="baseosci.variant" value=""/>
        <property name="polarion-testcase-id" value="TC#343430"/>
      </properties>
    </testcase>
    <testcase name="/CoreOS/firewalld/Regression/firewalld-retains-runtime-interface-to-zone" time="20">
      <properties>
        <property name="baseosci.arch" value="x86_64"/>
        <property name="baseosci.beaker-version" value=""/>
        <property name="baseosci.connectable_host" value="10.0.143.112"/>
        <property name="baseosci.distro" value=""/>
        <property name="baseosci.host" value="host-0-143-112.host.centralci.eng.rdu2.redhat.com"/>
        <property name="baseosci.recipe-id" value=""/>
        <property name="baseosci.result" value="PASS"/>
        <property name="baseosci.status" value="Completed"/>
        <property name="baseosci.task-id" value="41"/>
        <property name="baseosci.testcase.source.url" value="http://pkgs.devel.redhat.com/cgit/tests/firewalld/tree/Regression/firewalld-retains-runtime-interface-to-zone"/>
        <property name="baseosci.variant" value=""/>
        <property name="polarion-testcase-id" value="TC#588703"/>
      </properties>
    </testcase>
    <testcase name="/CoreOS/firewalld/Regression/allow-negation-of-icmp-blocks-zone" time="11">
      <properties>
        <property name="baseosci.arch" value="x86_64"/>
        <property name="baseosci.beaker-version" value=""/>
        <property name="baseosci.connectable_host" value="10.0.143.112"/>
        <property name="baseosci.distro" value=""/>
        <property name="baseosci.host" value="host-0-143-112.host.centralci.eng.rdu2.redhat.com"/>
        <property name="baseosci.recipe-id" value=""/>
        <property name="baseosci.result" value="PASS"/>
        <property name="baseosci.status" value="Completed"/>
        <property name="baseosci.task-id" value="42"/>
        <property name="baseosci.testcase.source.url" value="http://pkgs.devel.redhat.com/cgit/tests/firewalld/tree/Regression/allow-negation-of-icmp-blocks-zone"/>
        <property name="baseosci.variant" value=""/>
        <property name="polarion-testcase-id" value="TC#534954"/>
      </properties>
    </testcase>
    <testcase name="/CoreOS/firewalld/Regression/reporting-errors-in-logs-for-failed-iptables-commands" time="7">
      <properties>
        <property name="baseosci.arch" value="x86_64"/>
        <property name="baseosci.beaker-version" value=""/>
        <property name="baseosci.connectable_host" value="10.0.143.112"/>
        <property name="baseosci.distro" value=""/>
        <property name="baseosci.host" value="host-0-143-112.host.centralci.eng.rdu2.redhat.com"/>
        <property name="baseosci.recipe-id" value=""/>
        <property name="baseosci.result" value="PASS"/>
        <property name="baseosci.status" value="Completed"/>
        <property name="baseosci.task-id" value="43"/>
        <property name="baseosci.testcase.source.url" value="http://pkgs.devel.redhat.com/cgit/tests/firewalld/tree/Regression/reporting-errors-in-logs-for-failed-iptables-commands"/>
        <property name="baseosci.variant" value=""/>
        <property name="polarion-testcase-id" value="TC#534955"/>
      </properties>
    </testcase>
    <testcase name="/CoreOS/firewalld/Sanity/BaseSanity" time="17">
      <properties>
        <property name="baseosci.arch" value="x86_64"/>
        <property name="baseosci.beaker-version" value=""/>
        <property name="baseosci.connectable_host" value="10.0.143.112"/>
        <property name="baseosci.distro" value=""/>
        <property name="baseosci.host" value="host-0-143-112.host.centralci.eng.rdu2.redhat.com"/>
        <property name="baseosci.recipe-id" value=""/>
        <property name="baseosci.result" value="PASS"/>
        <property name="baseosci.status" value="Completed"/>
        <property name="baseosci.task-id" value="44"/>
        <property name="baseosci.testcase.source.url" value="http://pkgs.devel.redhat.com/cgit/tests/firewalld/tree/Sanity/BaseSanity"/>
        <property name="baseosci.variant" value=""/>
        <property name="polarion-testcase-id" value="TC#334796"/>
      </properties>
    </testcase>
    <testcase name="/CoreOS/firewalld/Regression/nftables-ipset-support" time="7">
      <properties>
        <property name="baseosci.arch" value="x86_64"/>
        <property name="baseosci.beaker-version" value=""/>
        <property name="baseosci.connectable_host" value="10.0.143.112"/>
        <property name="baseosci.distro" value=""/>
        <property name="baseosci.host" value="host-0-143-112.host.centralci.eng.rdu2.redhat.com"/>
        <property name="baseosci.recipe-id" value=""/>
        <property name="baseosci.result" value="PASS"/>
        <property name="baseosci.status" value="Completed"/>
        <property name="baseosci.task-id" value="45"/>
        <property name="baseosci.testcase.source.url" value="http://pkgs.devel.redhat.com/cgit/tests/firewalld/tree/Regression/nftables-ipset-support"/>
        <property name="baseosci.variant" value=""/>
        <property name="polarion-testcase-id" value="TC#597977"/>
      </properties>
    </testcase>
    <testcase name="/CoreOS/firewalld/Regression/Load-helper-modules-in-FirewallZoneTransaction" time="7">
      <properties>
        <property name="baseosci.arch" value="x86_64"/>
        <property name="baseosci.beaker-version" value=""/>
        <property name="baseosci.connectable_host" value="10.0.143.112"/>
        <property name="baseosci.distro" value=""/>
        <property name="baseosci.host" value="host-0-143-112.host.centralci.eng.rdu2.redhat.com"/>
        <property name="baseosci.recipe-id" value=""/>
        <property name="baseosci.result" value="PASS"/>
        <property name="baseosci.status" value="Completed"/>
        <property name="baseosci.task-id" value="46"/>
        <property name="baseosci.testcase.source.url" value="http://pkgs.devel.redhat.com/cgit/tests/firewalld/tree/Regression/Load-helper-modules-in-FirewallZoneTransaction"/>
        <property name="baseosci.variant" value=""/>
        <property name="polarion-testcase-id" value="TC#534498"/>
      </properties>
    </testcase>
    <testcase name="/CoreOS/firewalld/Regression/firewall-cmd-crashes-if-system_dbus_socket-missing" time="6">
      <properties>
        <property name="baseosci.arch" value="x86_64"/>
        <property name="baseosci.beaker-version" value=""/>
        <property name="baseosci.connectable_host" value="10.0.143.112"/>
        <property name="baseosci.distro" value=""/>
        <property name="baseosci.host" value="host-0-143-112.host.centralci.eng.rdu2.redhat.com"/>
        <property name="baseosci.recipe-id" value=""/>
        <property name="baseosci.result" value="PASS"/>
        <property name="baseosci.status" value="Completed"/>
        <property name="baseosci.task-id" value="47"/>
        <property name="baseosci.testcase.source.url" value="http://pkgs.devel.redhat.com/cgit/tests/firewalld/tree/Regression/firewall-cmd-crashes-if-system_dbus_socket-missing"/>
        <property name="baseosci.variant" value=""/>
        <property name="polarion-testcase-id" value="TC#534501"/>
      </properties>
    </testcase>
    <testcase name="/CoreOS/firewalld/Regression/firewalld-changes-the-behaviours-after-executing" time="8">
      <properties>
        <property name="baseosci.arch" value="x86_64"/>
        <property name="baseosci.beaker-version" value=""/>
        <property name="baseosci.connectable_host" value="10.0.143.112"/>
        <property name="baseosci.distro" value=""/>
        <property name="baseosci.host" value="host-0-143-112.host.centralci.eng.rdu2.redhat.com"/>
        <property name="baseosci.recipe-id" value=""/>
        <property name="baseosci.result" value="PASS"/>
        <property name="baseosci.status" value="Completed"/>
        <property name="baseosci.task-id" value="48"/>
        <property name="baseosci.testcase.source.url" value="http://pkgs.devel.redhat.com/cgit/tests/firewalld/tree/Regression/firewalld-changes-the-behaviours-after-executing"/>
        <property name="baseosci.variant" value=""/>
        <property name="polarion-testcase-id" value="TC#563179"/>
      </properties>
    </testcase>
    <testcase name="/CoreOS/firewalld/Regression/systemctl-reload-stops-firewalld" time="9">
      <properties>
        <property name="baseosci.arch" value="x86_64"/>
        <property name="baseosci.beaker-version" value=""/>
        <property name="baseosci.connectable_host" value="10.0.143.112"/>
        <property name="baseosci.distro" value=""/>
        <property name="baseosci.host" value="host-0-143-112.host.centralci.eng.rdu2.redhat.com"/>
        <property name="baseosci.recipe-id" value=""/>
        <property name="baseosci.result" value="PASS"/>
        <property name="baseosci.status" value="Completed"/>
        <property name="baseosci.task-id" value="49"/>
        <property name="baseosci.testcase.source.url" value="http://pkgs.devel.redhat.com/cgit/tests/firewalld/tree/Regression/systemctl-reload-stops-firewalld"/>
        <property name="baseosci.variant" value=""/>
        <property name="polarion-testcase-id" value="TC#534514"/>
      </properties>
    </testcase>
    <testcase name="/CoreOS/firewalld/Sanity/active_zone_and_nmcli_usage" time="12">
      <properties>
        <property name="baseosci.arch" value="x86_64"/>
        <property name="baseosci.beaker-version" value=""/>
        <property name="baseosci.connectable_host" value="10.0.143.112"/>
        <property name="baseosci.distro" value=""/>
        <property name="baseosci.host" value="host-0-143-112.host.centralci.eng.rdu2.redhat.com"/>
        <property name="baseosci.recipe-id" value=""/>
        <property name="baseosci.result" value="PASS"/>
        <property name="baseosci.status" value="Completed"/>
        <property name="baseosci.task-id" value="50"/>
        <property name="baseosci.testcase.source.url" value="http://pkgs.devel.redhat.com/cgit/tests/firewalld/tree/Sanity/active_zone_and_nmcli_usage"/>
        <property name="baseosci.variant" value=""/>
        <property name="polarion-testcase-id" value="TC#251902"/>
      </properties>
    </testcase>
  </testsuite>
</testsuites>
